2020-06-22 19:49:34,835 INFO [main] k.a.h.c.ProductSpringBootApplication [StartupInfoLogger.java:55] Starting ProductSpringBootApplication on DESKTOP-326MIB9 with PID 20464 (D:\dev\workspace\productSpringBoot\target\classes started by jun in D:\dev\workspace\productSpringBoot)
2020-06-22 19:49:34,838 INFO [main] k.a.h.c.ProductSpringBootApplication [SpringApplication.java:651] No active profile set, falling back to default profiles: default
2020-06-22 19:49:36,620 INFO [main] o.s.d.r.c.RepositoryConfigurationDelegate [RepositoryConfigurationDelegate.java:127] Bootstrapping Spring Data JPA repositories in DEFERRED mode.
2020-06-22 19:49:36,696 INFO [main] o.s.d.r.c.RepositoryConfigurationDelegate [RepositoryConfigurationDelegate.java:187] Finished Spring Data repository scanning in 62ms. Found 1 JPA repository interfaces.
2020-06-22 19:49:38,575 INFO [main] o.s.b.w.e.t.TomcatWebServer [TomcatWebServer.java:108] Tomcat initialized with port(s): 9090 (http)
2020-06-22 19:49:38,586 INFO [main] o.a.c.h.Http11NioProtocol [DirectJDKLog.java:173] Initializing ProtocolHandler ["http-nio-9090"]
2020-06-22 19:49:38,587 INFO [main] o.a.c.c.StandardService [DirectJDKLog.java:173] Starting service [Tomcat]
2020-06-22 19:49:38,587 INFO [main] o.a.c.c.StandardEngine [DirectJDKLog.java:173] Starting Servlet engine: [Apache Tomcat/9.0.36]
2020-06-22 19:49:38,766 INFO [main] o.a.c.c.C.[.[.[/] [DirectJDKLog.java:173] Initializing Spring embedded WebApplicationContext
2020-06-22 19:49:38,767 INFO [main] o.s.b.w.s.c.ServletWebServerApplicationContext [ServletWebServerApplicationContext.java:285] Root WebApplicationContext: initialization completed in 3866 ms
2020-06-22 19:49:39,174 INFO [main] o.s.s.c.ThreadPoolTaskExecutor [ExecutorConfigurationSupport.java:181] Initializing ExecutorService 'applicationTaskExecutor'
2020-06-22 19:49:39,240 INFO [task-1] o.h.j.i.u.LogHelper [LogHelper.java:31] HHH000204: Processing PersistenceUnitInfo [name: default]
2020-06-22 19:49:39,284 WARN [main] o.s.b.a.o.j.JpaBaseConfiguration$JpaWebConfiguration [JpaBaseConfiguration.java:220] spring.jpa.open-in-view is enabled by default. Therefore, database queries may be performed during view rendering. Explicitly configure spring.jpa.open-in-view to disable this warning
2020-06-22 19:49:39,332 INFO [task-1] o.h.Version [Version.java:44] HHH000412: Hibernate ORM core version 5.4.17.Final
2020-06-22 19:49:39,585 INFO [task-1] o.h.a.c.Version [JavaReflectionManager.java:49] HCANN000001: Hibernate Commons Annotations {5.1.0.Final}
2020-06-22 19:49:39,615 INFO [main] o.s.b.a.w.s.WelcomePageHandlerMapping [WelcomePageHandlerMapping.java:58] Adding welcome page template: index
2020-06-22 19:49:39,762 INFO [task-1] c.z.h.HikariDataSource [HikariDataSource.java:110] HikariPool-1 - Starting...
2020-06-22 19:49:40,327 INFO [task-1] c.z.h.HikariDataSource [HikariDataSource.java:123] HikariPool-1 - Start completed.
2020-06-22 19:49:40,373 INFO [task-1] o.h.d.Dialect [Dialect.java:172] HHH000400: Using dialect: org.hibernate.dialect.MySQL8Dialect
2020-06-22 19:49:41,343 INFO [task-1] o.h.e.t.j.p.i.JtaPlatformInitiator [JtaPlatformInitiator.java:52] HHH000490: Using JtaPlatform implementation: [org.hibernate.engine.transaction.jta.platform.internal.NoJtaPlatform]
2020-06-22 19:49:41,351 INFO [task-1] o.s.o.j.LocalContainerEntityManagerFactoryBean [AbstractEntityManagerFactoryBean.java:416] Initialized JPA EntityManagerFactory for persistence unit 'default'
2020-06-22 19:49:41,421 INFO [main] o.s.b.a.e.w.EndpointLinksResolver [EndpointLinksResolver.java:58] Exposing 14 endpoint(s) beneath base path '/actuator'
2020-06-22 19:49:41,462 INFO [main] o.a.c.h.Http11NioProtocol [DirectJDKLog.java:173] Starting ProtocolHandler ["http-nio-9090"]
2020-06-22 19:49:41,496 INFO [main] o.s.b.w.e.t.TomcatWebServer [TomcatWebServer.java:220] Tomcat started on port(s): 9090 (http) with context path ''
2020-06-22 19:49:41,498 INFO [main] o.s.d.r.c.DeferredRepositoryInitializationListener [DeferredRepositoryInitializationListener.java:49] Triggering deferred initialization of Spring Data repositories…
2020-06-22 19:49:41,933 INFO [main] o.s.d.r.c.DeferredRepositoryInitializationListener [DeferredRepositoryInitializationListener.java:53] Spring Data repositories initialized!
2020-06-22 19:49:41,953 INFO [main] k.a.h.c.ProductSpringBootApplication [StartupInfoLogger.java:61] Started ProductSpringBootApplication in 7.559 seconds (JVM running for 8.208)
2020-06-22 19:50:03,657 INFO [http-nio-9090-exec-1] o.a.c.c.C.[.[.[/] [DirectJDKLog.java:173] Initializing Spring DispatcherServlet 'dispatcherServlet'
2020-06-22 19:50:03,658 INFO [http-nio-9090-exec-1] o.s.w.s.DispatcherServlet [FrameworkServlet.java:525] Initializing Servlet 'dispatcherServlet'
2020-06-22 19:50:03,667 INFO [http-nio-9090-exec-1] o.s.w.s.DispatcherServlet [FrameworkServlet.java:547] Completed initialization in 9 ms
2020-06-22 19:50:57,035 INFO [http-nio-9090-exec-6] k.a.h.c.c.HomeController [HomeController.java:19] Info: Calling home( )
2020-06-22 20:05:50,618 INFO [main] k.a.h.c.ProductSpringBootApplication [StartupInfoLogger.java:55] Starting ProductSpringBootApplication on DESKTOP-326MIB9 with PID 21680 (D:\dev\workspace\productSpringBoot\target\classes started by jun in D:\dev\workspace\productSpringBoot)
2020-06-22 20:05:50,623 INFO [main] k.a.h.c.ProductSpringBootApplication [SpringApplication.java:651] No active profile set, falling back to default profiles: default
2020-06-22 20:05:51,865 INFO [main] o.s.d.r.c.RepositoryConfigurationDelegate [RepositoryConfigurationDelegate.java:127] Bootstrapping Spring Data JPA repositories in DEFERRED mode.
2020-06-22 20:05:51,944 INFO [main] o.s.d.r.c.RepositoryConfigurationDelegate [RepositoryConfigurationDelegate.java:187] Finished Spring Data repository scanning in 65ms. Found 1 JPA repository interfaces.
2020-06-22 20:05:54,077 INFO [main] o.s.b.w.e.t.TomcatWebServer [TomcatWebServer.java:108] Tomcat initialized with port(s): 9090 (http)
2020-06-22 20:05:54,093 INFO [main] o.a.c.h.Http11NioProtocol [DirectJDKLog.java:173] Initializing ProtocolHandler ["http-nio-9090"]
2020-06-22 20:05:54,094 INFO [main] o.a.c.c.StandardService [DirectJDKLog.java:173] Starting service [Tomcat]
2020-06-22 20:05:54,095 INFO [main] o.a.c.c.StandardEngine [DirectJDKLog.java:173] Starting Servlet engine: [Apache Tomcat/9.0.36]
2020-06-22 20:05:54,313 INFO [main] o.a.c.c.C.[.[.[/] [DirectJDKLog.java:173] Initializing Spring embedded WebApplicationContext
2020-06-22 20:05:54,314 INFO [main] o.s.b.w.s.c.ServletWebServerApplicationContext [ServletWebServerApplicationContext.java:285] Root WebApplicationContext: initialization completed in 3631 ms
2020-06-22 20:05:54,832 INFO [main] o.s.s.c.ThreadPoolTaskExecutor [ExecutorConfigurationSupport.java:181] Initializing ExecutorService 'applicationTaskExecutor'
2020-06-22 20:05:54,900 INFO [task-1] o.h.j.i.u.LogHelper [LogHelper.java:31] HHH000204: Processing PersistenceUnitInfo [name: default]
2020-06-22 20:05:54,944 WARN [main] o.s.b.a.o.j.JpaBaseConfiguration$JpaWebConfiguration [JpaBaseConfiguration.java:220] spring.jpa.open-in-view is enabled by default. Therefore, database queries may be performed during view rendering. Explicitly configure spring.jpa.open-in-view to disable this warning
2020-06-22 20:05:54,996 INFO [task-1] o.h.Version [Version.java:44] HHH000412: Hibernate ORM core version 5.4.17.Final
2020-06-22 20:05:55,285 INFO [task-1] o.h.a.c.Version [JavaReflectionManager.java:49] HCANN000001: Hibernate Commons Annotations {5.1.0.Final}
2020-06-22 20:05:55,313 INFO [main] o.s.b.a.w.s.WelcomePageHandlerMapping [WelcomePageHandlerMapping.java:58] Adding welcome page template: index
2020-06-22 20:05:55,447 INFO [task-1] c.z.h.HikariDataSource [HikariDataSource.java:110] HikariPool-1 - Starting...
2020-06-22 20:05:55,944 INFO [task-1] c.z.h.HikariDataSource [HikariDataSource.java:123] HikariPool-1 - Start completed.
2020-06-22 20:05:55,986 INFO [task-1] o.h.d.Dialect [Dialect.java:172] HHH000400: Using dialect: org.hibernate.dialect.MySQL8Dialect
2020-06-22 20:05:56,986 INFO [task-1] o.h.e.t.j.p.i.JtaPlatformInitiator [JtaPlatformInitiator.java:52] HHH000490: Using JtaPlatform implementation: [org.hibernate.engine.transaction.jta.platform.internal.NoJtaPlatform]
2020-06-22 20:05:56,996 INFO [task-1] o.s.o.j.LocalContainerEntityManagerFactoryBean [AbstractEntityManagerFactoryBean.java:416] Initialized JPA EntityManagerFactory for persistence unit 'default'
2020-06-22 20:05:57,093 INFO [main] o.s.b.a.e.w.EndpointLinksResolver [EndpointLinksResolver.java:58] Exposing 14 endpoint(s) beneath base path '/actuator'
2020-06-22 20:05:57,147 INFO [main] o.a.c.h.Http11NioProtocol [DirectJDKLog.java:173] Starting ProtocolHandler ["http-nio-9090"]
2020-06-22 20:05:57,191 INFO [main] o.s.b.w.e.t.TomcatWebServer [TomcatWebServer.java:220] Tomcat started on port(s): 9090 (http) with context path ''
2020-06-22 20:05:57,194 INFO [main] o.s.d.r.c.DeferredRepositoryInitializationListener [DeferredRepositoryInitializationListener.java:49] Triggering deferred initialization of Spring Data repositories…
2020-06-22 20:05:57,617 INFO [main] o.s.d.r.c.DeferredRepositoryInitializationListener [DeferredRepositoryInitializationListener.java:53] Spring Data repositories initialized!
2020-06-22 20:05:57,635 INFO [main] k.a.h.c.ProductSpringBootApplication [StartupInfoLogger.java:61] Started ProductSpringBootApplication in 7.472 seconds (JVM running for 8.216)
2020-06-22 20:58:33,139 INFO [main] k.a.h.c.ProductSpringBootApplication [StartupInfoLogger.java:55] Starting ProductSpringBootApplication on DESKTOP-326MIB9 with PID 25408 (D:\dev\workspace\productSpringBoot\target\classes started by jun in D:\dev\workspace\productSpringBoot)
2020-06-22 20:58:33,143 INFO [main] k.a.h.c.ProductSpringBootApplication [SpringApplication.java:651] No active profile set, falling back to default profiles: default
2020-06-22 20:58:34,619 INFO [main] o.s.d.r.c.RepositoryConfigurationDelegate [RepositoryConfigurationDelegate.java:127] Bootstrapping Spring Data JPA repositories in DEFERRED mode.
2020-06-22 20:58:34,707 INFO [main] o.s.d.r.c.RepositoryConfigurationDelegate [RepositoryConfigurationDelegate.java:187] Finished Spring Data repository scanning in 75ms. Found 1 JPA repository interfaces.
2020-06-22 20:58:36,981 INFO [main] o.s.b.w.e.t.TomcatWebServer [TomcatWebServer.java:108] Tomcat initialized with port(s): 9090 (http)
2020-06-22 20:58:36,993 INFO [main] o.a.c.h.Http11NioProtocol [DirectJDKLog.java:173] Initializing ProtocolHandler ["http-nio-9090"]
2020-06-22 20:58:36,995 INFO [main] o.a.c.c.StandardService [DirectJDKLog.java:173] Starting service [Tomcat]
2020-06-22 20:58:36,995 INFO [main] o.a.c.c.StandardEngine [DirectJDKLog.java:173] Starting Servlet engine: [Apache Tomcat/9.0.36]
2020-06-22 20:58:37,176 INFO [main] o.a.c.c.C.[.[.[/] [DirectJDKLog.java:173] Initializing Spring embedded WebApplicationContext
2020-06-22 20:58:37,177 INFO [main] o.s.b.w.s.c.ServletWebServerApplicationContext [ServletWebServerApplicationContext.java:285] Root WebApplicationContext: initialization completed in 3984 ms
2020-06-22 20:58:37,665 INFO [main] o.s.s.c.ThreadPoolTaskExecutor [ExecutorConfigurationSupport.java:181] Initializing ExecutorService 'applicationTaskExecutor'
2020-06-22 20:58:37,739 INFO [task-1] o.h.j.i.u.LogHelper [LogHelper.java:31] HHH000204: Processing PersistenceUnitInfo [name: default]
2020-06-22 20:58:37,795 WARN [main] o.s.b.a.o.j.JpaBaseConfiguration$JpaWebConfiguration [JpaBaseConfiguration.java:220] spring.jpa.open-in-view is enabled by default. Therefore, database queries may be performed during view rendering. Explicitly configure spring.jpa.open-in-view to disable this warning
2020-06-22 20:58:37,847 INFO [task-1] o.h.Version [Version.java:44] HHH000412: Hibernate ORM core version 5.4.17.Final
2020-06-22 20:58:38,152 INFO [task-1] o.h.a.c.Version [JavaReflectionManager.java:49] HCANN000001: Hibernate Commons Annotations {5.1.0.Final}
2020-06-22 20:58:38,229 INFO [main] o.s.b.a.w.s.WelcomePageHandlerMapping [WelcomePageHandlerMapping.java:58] Adding welcome page template: index
2020-06-22 20:58:38,372 INFO [task-1] c.z.h.HikariDataSource [HikariDataSource.java:110] HikariPool-1 - Starting...
2020-06-22 20:58:39,037 INFO [task-1] c.z.h.HikariDataSource [HikariDataSource.java:123] HikariPool-1 - Start completed.
2020-06-22 20:58:39,085 INFO [task-1] o.h.d.Dialect [Dialect.java:172] HHH000400: Using dialect: org.hibernate.dialect.MySQL8Dialect
2020-06-22 20:58:40,083 INFO [task-1] o.h.e.t.j.p.i.JtaPlatformInitiator [JtaPlatformInitiator.java:52] HHH000490: Using JtaPlatform implementation: [org.hibernate.engine.transaction.jta.platform.internal.NoJtaPlatform]
2020-06-22 20:58:40,091 INFO [task-1] o.s.o.j.LocalContainerEntityManagerFactoryBean [AbstractEntityManagerFactoryBean.java:416] Initialized JPA EntityManagerFactory for persistence unit 'default'
2020-06-22 20:58:40,160 INFO [main] o.s.b.a.e.w.EndpointLinksResolver [EndpointLinksResolver.java:58] Exposing 14 endpoint(s) beneath base path '/actuator'
2020-06-22 20:58:40,204 INFO [main] o.a.c.h.Http11NioProtocol [DirectJDKLog.java:173] Starting ProtocolHandler ["http-nio-9090"]
2020-06-22 20:58:40,245 INFO [main] o.s.b.w.e.t.TomcatWebServer [TomcatWebServer.java:220] Tomcat started on port(s): 9090 (http) with context path ''
2020-06-22 20:58:40,246 INFO [main] o.s.d.r.c.DeferredRepositoryInitializationListener [DeferredRepositoryInitializationListener.java:49] Triggering deferred initialization of Spring Data repositories…
2020-06-22 20:58:40,674 INFO [main] o.s.d.r.c.DeferredRepositoryInitializationListener [DeferredRepositoryInitializationListener.java:53] Spring Data repositories initialized!
2020-06-22 20:58:40,699 INFO [main] k.a.h.c.ProductSpringBootApplication [StartupInfoLogger.java:61] Started ProductSpringBootApplication in 8.196 seconds (JVM running for 9.05)
2020-06-22 20:59:31,548 INFO [http-nio-9090-exec-1] o.a.c.c.C.[.[.[/] [DirectJDKLog.java:173] Initializing Spring DispatcherServlet 'dispatcherServlet'
2020-06-22 20:59:31,549 INFO [http-nio-9090-exec-1] o.s.w.s.DispatcherServlet [FrameworkServlet.java:525] Initializing Servlet 'dispatcherServlet'
2020-06-22 20:59:31,558 INFO [http-nio-9090-exec-1] o.s.w.s.DispatcherServlet [FrameworkServlet.java:547] Completed initialization in 9 ms
2020-06-22 21:00:57,404 WARN [http-nio-9090-exec-4] o.s.w.s.m.s.DefaultHandlerExceptionResolver [AbstractHandlerExceptionResolver.java:199] Resolved [org.springframework.web.HttpRequestMethodNotSupportedException: Request method 'PATCH' not supported]
2020-06-22 21:05:38,771 ERROR [http-nio-9090-exec-3] o.a.c.c.C.[.[.[.[dispatcherServlet] [DirectJDKLog.java:175] Servlet.service() for servlet [dispatcherServlet] in context with path [] threw exception [Request processing failed; nested exception is org.springframework.orm.jpa.JpaSystemException: identifier of an instance of kr.ac.hansung.cse.model.Product was altered from 11 to 0; nested exception is org.hibernate.HibernateException: identifier of an instance of kr.ac.hansung.cse.model.Product was altered from 11 to 0] with root cause
org.hibernate.HibernateException: identifier of an instance of kr.ac.hansung.cse.model.Product was altered from 11 to 0
	at org.hibernate.event.internal.DefaultFlushEntityEventListener.checkId(DefaultFlushEntityEventListener.java:80)
	at org.hibernate.event.internal.DefaultFlushEntityEventListener.getValues(DefaultFlushEntityEventListener.java:202)
	at org.hibernate.event.internal.DefaultFlushEntityEventListener.onFlushEntity(DefaultFlushEntityEventListener.java:162)
	at org.hibernate.event.internal.AbstractFlushingEventListener.flushEntities(AbstractFlushingEventListener.java:232)
	at org.hibernate.event.internal.AbstractFlushingEventListener.flushEverythingToExecutions(AbstractFlushingEventListener.java:92)
	at org.hibernate.event.internal.DefaultFlushEventListener.onFlush(DefaultFlushEventListener.java:39)
	at org.hibernate.event.service.internal.EventListenerGroupImpl.fireEventOnEachListener(EventListenerGroupImpl.java:102)
	at org.hibernate.internal.SessionImpl.doFlush(SessionImpl.java:1360)
	at org.hibernate.internal.SessionImpl.managedFlush(SessionImpl.java:451)
	at org.hibernate.internal.SessionImpl.flushBeforeTransactionCompletion(SessionImpl.java:3210)
	at org.hibernate.internal.SessionImpl.beforeTransactionCompletion(SessionImpl.java:2378)
	at org.hibernate.engine.jdbc.internal.JdbcCoordinatorImpl.beforeTransactionCompletion(JdbcCoordinatorImpl.java:447)
	at org.hibernate.resource.transaction.backend.jdbc.internal.JdbcResourceLocalTransactionCoordinatorImpl.beforeCompletionCallback(JdbcResourceLocalTransactionCoordinatorImpl.java:183)
	at org.hibernate.resource.transaction.backend.jdbc.internal.JdbcResourceLocalTransactionCoordinatorImpl.access$300(JdbcResourceLocalTransactionCoordinatorImpl.java:40)
	at org.hibernate.resource.transaction.backend.jdbc.internal.JdbcResourceLocalTransactionCoordinatorImpl$TransactionDriverControlImpl.commit(JdbcResourceLocalTransactionCoordinatorImpl.java:281)
	at org.hibernate.engine.transaction.internal.TransactionImpl.commit(TransactionImpl.java:101)
	at org.springframework.orm.jpa.JpaTransactionManager.doCommit(JpaTransactionManager.java:534)
	at org.springframework.transaction.support.AbstractPlatformTransactionManager.processCommit(AbstractPlatformTransactionManager.java:743)
	at org.springframework.transaction.support.AbstractPlatformTransactionManager.commit(AbstractPlatformTransactionManager.java:711)
	at org.springframework.transaction.interceptor.TransactionAspectSupport.commitTransactionAfterReturning(TransactionAspectSupport.java:632)
	at org.springframework.transaction.interceptor.TransactionAspectSupport.invokeWithinTransaction(TransactionAspectSupport.java:386)
	at org.springframework.transaction.interceptor.TransactionInterceptor.invoke(TransactionInterceptor.java:118)
	at org.springframework.aop.framework.ReflectiveMethodInvocation.proceed(ReflectiveMethodInvocation.java:186)
	at org.springframework.dao.support.PersistenceExceptionTranslationInterceptor.invoke(PersistenceExceptionTranslationInterceptor.java:139)
	at org.springframework.aop.framework.ReflectiveMethodInvocation.proceed(ReflectiveMethodInvocation.java:186)
	at org.springframework.data.jpa.repository.support.CrudMethodMetadataPostProcessor$CrudMethodMetadataPopulatingMethodInterceptor.invoke(CrudMethodMetadataPostProcessor.java:178)
	at org.springframework.aop.framework.ReflectiveMethodInvocation.proceed(ReflectiveMethodInvocation.java:186)
	at org.springframework.aop.interceptor.ExposeInvocationInterceptor.invoke(ExposeInvocationInterceptor.java:95)
	at org.springframework.aop.framework.ReflectiveMethodInvocation.proceed(ReflectiveMethodInvocation.java:186)
	at org.springframework.aop.framework.JdkDynamicAopProxy.invoke(JdkDynamicAopProxy.java:212)
	at com.sun.proxy.$Proxy110.save(Unknown Source)
	at java.base/jdk.internal.reflect.NativeMethodAccessorImpl.invoke0(Native Method)
	at java.base/jdk.internal.reflect.NativeMethodAccessorImpl.invoke(NativeMethodAccessorImpl.java:62)
	at java.base/jdk.internal.reflect.DelegatingMethodAccessorImpl.invoke(DelegatingMethodAccessorImpl.java:43)
	at java.base/java.lang.reflect.Method.invoke(Method.java:566)
	at org.springframework.aop.support.AopUtils.invokeJoinpointUsingReflection(AopUtils.java:344)
	at org.springframework.aop.framework.JdkDynamicAopProxy.invoke(JdkDynamicAopProxy.java:205)
	at com.sun.proxy.$Proxy78.save(Unknown Source)
	at kr.ac.hansung.cse.controller.ProductController.updateProduct(ProductController.java:98)
	at java.base/jdk.internal.reflect.NativeMethodAccessorImpl.invoke0(Native Method)
	at java.base/jdk.internal.reflect.NativeMethodAccessorImpl.invoke(NativeMethodAccessorImpl.java:62)
	at java.base/jdk.internal.reflect.DelegatingMethodAccessorImpl.invoke(DelegatingMethodAccessorImpl.java:43)
	at java.base/java.lang.reflect.Method.invoke(Method.java:566)
	at org.springframework.web.method.support.InvocableHandlerMethod.doInvoke(InvocableHandlerMethod.java:190)
	at org.springframework.web.method.support.InvocableHandlerMethod.invokeForRequest(InvocableHandlerMethod.java:138)
	at org.springframework.web.servlet.mvc.method.annotation.ServletInvocableHandlerMethod.invokeAndHandle(ServletInvocableHandlerMethod.java:105)
	at org.springframework.web.servlet.mvc.method.annotation.RequestMappingHandlerAdapter.invokeHandlerMethod(RequestMappingHandlerAdapter.java:879)
	at org.springframework.web.servlet.mvc.method.annotation.RequestMappingHandlerAdapter.handleInternal(RequestMappingHandlerAdapter.java:793)
	at org.springframework.web.servlet.mvc.method.AbstractHandlerMethodAdapter.handle(AbstractHandlerMethodAdapter.java:87)
	at org.springframework.web.servlet.DispatcherServlet.doDispatch(DispatcherServlet.java:1040)
	at org.springframework.web.servlet.DispatcherServlet.doService(DispatcherServlet.java:943)
	at org.springframework.web.servlet.FrameworkServlet.processRequest(FrameworkServlet.java:1006)
	at org.springframework.web.servlet.FrameworkServlet.doPut(FrameworkServlet.java:920)
	at javax.servlet.http.HttpServlet.service(HttpServlet.java:663)
	at org.springframework.web.servlet.FrameworkServlet.service(FrameworkServlet.java:883)
	at javax.servlet.http.HttpServlet.service(HttpServlet.java:741)
	at org.apache.catalina.core.ApplicationFilterChain.internalDoFilter(ApplicationFilterChain.java:231)
	at org.apache.catalina.core.ApplicationFilterChain.doFilter(ApplicationFilterChain.java:166)
	at org.apache.tomcat.websocket.server.WsFilter.doFilter(WsFilter.java:53)
	at org.apache.catalina.core.ApplicationFilterChain.internalDoFilter(ApplicationFilterChain.java:193)
	at org.apache.catalina.core.ApplicationFilterChain.doFilter(ApplicationFilterChain.java:166)
	at org.springframework.web.filter.RequestContextFilter.doFilterInternal(RequestContextFilter.java:100)
	at org.springframework.web.filter.OncePerRequestFilter.doFilter(OncePerRequestFilter.java:119)
	at org.apache.catalina.core.ApplicationFilterChain.internalDoFilter(ApplicationFilterChain.java:193)
	at org.apache.catalina.core.ApplicationFilterChain.doFilter(ApplicationFilterChain.java:166)
	at org.springframework.web.filter.FormContentFilter.doFilterInternal(FormContentFilter.java:93)
	at org.springframework.web.filter.OncePerRequestFilter.doFilter(OncePerRequestFilter.java:119)
	at org.apache.catalina.core.ApplicationFilterChain.internalDoFilter(ApplicationFilterChain.java:193)
	at org.apache.catalina.core.ApplicationFilterChain.doFilter(ApplicationFilterChain.java:166)
	at org.springframework.boot.actuate.metrics.web.servlet.WebMvcMetricsFilter.doFilterInternal(WebMvcMetricsFilter.java:93)
	at org.springframework.web.filter.OncePerRequestFilter.doFilter(OncePerRequestFilter.java:119)
	at org.apache.catalina.core.ApplicationFilterChain.internalDoFilter(ApplicationFilterChain.java:193)
	at org.apache.catalina.core.ApplicationFilterChain.doFilter(ApplicationFilterChain.java:166)
	at org.springframework.web.filter.CharacterEncodingFilter.doFilterInternal(CharacterEncodingFilter.java:201)
	at org.springframework.web.filter.OncePerRequestFilter.doFilter(OncePerRequestFilter.java:119)
	at org.apache.catalina.core.ApplicationFilterChain.internalDoFilter(ApplicationFilterChain.java:193)
	at org.apache.catalina.core.ApplicationFilterChain.doFilter(ApplicationFilterChain.java:166)
	at org.apache.catalina.core.StandardWrapperValve.invoke(StandardWrapperValve.java:202)
	at org.apache.catalina.core.StandardContextValve.invoke(StandardContextValve.java:96)
	at org.apache.catalina.authenticator.AuthenticatorBase.invoke(AuthenticatorBase.java:541)
	at org.apache.catalina.core.StandardHostValve.invoke(StandardHostValve.java:139)
	at org.apache.catalina.valves.ErrorReportValve.invoke(ErrorReportValve.java:92)
	at org.apache.catalina.core.StandardEngineValve.invoke(StandardEngineValve.java:74)
	at org.apache.catalina.connector.CoyoteAdapter.service(CoyoteAdapter.java:343)
	at org.apache.coyote.http11.Http11Processor.service(Http11Processor.java:373)
	at org.apache.coyote.AbstractProcessorLight.process(AbstractProcessorLight.java:65)
	at org.apache.coyote.AbstractProtocol$ConnectionHandler.process(AbstractProtocol.java:868)
	at org.apache.tomcat.util.net.NioEndpoint$SocketProcessor.doRun(NioEndpoint.java:1590)
	at org.apache.tomcat.util.net.SocketProcessorBase.run(SocketProcessorBase.java:49)
	at java.base/java.util.concurrent.ThreadPoolExecutor.runWorker(ThreadPoolExecutor.java:1128)
	at java.base/java.util.concurrent.ThreadPoolExecutor$Worker.run(ThreadPoolExecutor.java:628)
	at org.apache.tomcat.util.threads.TaskThread$WrappingRunnable.run(TaskThread.java:61)
	at java.base/java.lang.Thread.run(Thread.java:834)
2020-06-22 21:17:51,568 INFO [main] k.a.h.c.ProductSpringBootApplication [StartupInfoLogger.java:55] Starting ProductSpringBootApplication on DESKTOP-326MIB9 with PID 25696 (D:\dev\workspace\productSpringBoot\target\classes started by jun in D:\dev\workspace\productSpringBoot)
2020-06-22 21:17:51,573 INFO [main] k.a.h.c.ProductSpringBootApplication [SpringApplication.java:651] No active profile set, falling back to default profiles: default
2020-06-22 21:17:53,080 INFO [main] o.s.d.r.c.RepositoryConfigurationDelegate [RepositoryConfigurationDelegate.java:127] Bootstrapping Spring Data JPA repositories in DEFERRED mode.
2020-06-22 21:17:53,172 INFO [main] o.s.d.r.c.RepositoryConfigurationDelegate [RepositoryConfigurationDelegate.java:187] Finished Spring Data repository scanning in 78ms. Found 1 JPA repository interfaces.
2020-06-22 21:17:55,063 INFO [main] o.s.b.w.e.t.TomcatWebServer [TomcatWebServer.java:108] Tomcat initialized with port(s): 9090 (http)
2020-06-22 21:17:55,075 INFO [main] o.a.c.h.Http11NioProtocol [DirectJDKLog.java:173] Initializing ProtocolHandler ["http-nio-9090"]
2020-06-22 21:17:55,076 INFO [main] o.a.c.c.StandardService [DirectJDKLog.java:173] Starting service [Tomcat]
2020-06-22 21:17:55,077 INFO [main] o.a.c.c.StandardEngine [DirectJDKLog.java:173] Starting Servlet engine: [Apache Tomcat/9.0.36]
2020-06-22 21:17:55,239 INFO [main] o.a.c.c.C.[.[.[/] [DirectJDKLog.java:173] Initializing Spring embedded WebApplicationContext
2020-06-22 21:17:55,240 INFO [main] o.s.b.w.s.c.ServletWebServerApplicationContext [ServletWebServerApplicationContext.java:285] Root WebApplicationContext: initialization completed in 3595 ms
2020-06-22 21:17:55,646 INFO [main] o.s.s.c.ThreadPoolTaskExecutor [ExecutorConfigurationSupport.java:181] Initializing ExecutorService 'applicationTaskExecutor'
2020-06-22 21:17:55,711 INFO [task-1] o.h.j.i.u.LogHelper [LogHelper.java:31] HHH000204: Processing PersistenceUnitInfo [name: default]
2020-06-22 21:17:55,751 WARN [main] o.s.b.a.o.j.JpaBaseConfiguration$JpaWebConfiguration [JpaBaseConfiguration.java:220] spring.jpa.open-in-view is enabled by default. Therefore, database queries may be performed during view rendering. Explicitly configure spring.jpa.open-in-view to disable this warning
2020-06-22 21:17:55,828 INFO [task-1] o.h.Version [Version.java:44] HHH000412: Hibernate ORM core version 5.4.17.Final
2020-06-22 21:17:56,076 INFO [task-1] o.h.a.c.Version [JavaReflectionManager.java:49] HCANN000001: Hibernate Commons Annotations {5.1.0.Final}
2020-06-22 21:17:56,089 INFO [main] o.s.b.a.w.s.WelcomePageHandlerMapping [WelcomePageHandlerMapping.java:58] Adding welcome page template: index
2020-06-22 21:17:56,241 INFO [task-1] c.z.h.HikariDataSource [HikariDataSource.java:110] HikariPool-1 - Starting...
2020-06-22 21:17:56,736 INFO [task-1] c.z.h.HikariDataSource [HikariDataSource.java:123] HikariPool-1 - Start completed.
2020-06-22 21:17:56,782 INFO [task-1] o.h.d.Dialect [Dialect.java:172] HHH000400: Using dialect: org.hibernate.dialect.MySQL8Dialect
2020-06-22 21:17:58,153 INFO [task-1] o.h.e.t.j.p.i.JtaPlatformInitiator [JtaPlatformInitiator.java:52] HHH000490: Using JtaPlatform implementation: [org.hibernate.engine.transaction.jta.platform.internal.NoJtaPlatform]
2020-06-22 21:17:58,162 INFO [task-1] o.s.o.j.LocalContainerEntityManagerFactoryBean [AbstractEntityManagerFactoryBean.java:416] Initialized JPA EntityManagerFactory for persistence unit 'default'
2020-06-22 21:17:58,243 INFO [main] o.s.b.a.e.w.EndpointLinksResolver [EndpointLinksResolver.java:58] Exposing 14 endpoint(s) beneath base path '/actuator'
2020-06-22 21:17:58,291 INFO [main] o.a.c.h.Http11NioProtocol [DirectJDKLog.java:173] Starting ProtocolHandler ["http-nio-9090"]
2020-06-22 21:17:58,330 INFO [main] o.s.b.w.e.t.TomcatWebServer [TomcatWebServer.java:220] Tomcat started on port(s): 9090 (http) with context path ''
2020-06-22 21:17:58,332 INFO [main] o.s.d.r.c.DeferredRepositoryInitializationListener [DeferredRepositoryInitializationListener.java:49] Triggering deferred initialization of Spring Data repositories…
2020-06-22 21:17:58,822 INFO [main] o.s.d.r.c.DeferredRepositoryInitializationListener [DeferredRepositoryInitializationListener.java:53] Spring Data repositories initialized!
2020-06-22 21:17:58,843 INFO [main] k.a.h.c.ProductSpringBootApplication [StartupInfoLogger.java:61] Started ProductSpringBootApplication in 7.853 seconds (JVM running for 8.721)
2020-06-22 21:18:28,895 INFO [http-nio-9090-exec-1] o.a.c.c.C.[.[.[/] [DirectJDKLog.java:173] Initializing Spring DispatcherServlet 'dispatcherServlet'
2020-06-22 21:18:28,895 INFO [http-nio-9090-exec-1] o.s.w.s.DispatcherServlet [FrameworkServlet.java:525] Initializing Servlet 'dispatcherServlet'
2020-06-22 21:18:28,907 INFO [http-nio-9090-exec-1] o.s.w.s.DispatcherServlet [FrameworkServlet.java:547] Completed initialization in 12 ms
2020-06-22 21:18:38,337 INFO [http-nio-9090-exec-4] k.a.h.c.c.HomeController [HomeController.java:19] Info: Calling home( )
2020-06-22 21:27:54,209 INFO [main] k.a.h.c.ProductSpringBootApplication [StartupInfoLogger.java:55] Starting ProductSpringBootApplication on DESKTOP-326MIB9 with PID 20596 (D:\dev\workspace\productSpringBoot\target\classes started by jun in D:\dev\workspace\productSpringBoot)
2020-06-22 21:27:54,212 INFO [main] k.a.h.c.ProductSpringBootApplication [SpringApplication.java:651] No active profile set, falling back to default profiles: default
2020-06-22 21:27:55,182 INFO [main] o.s.d.r.c.RepositoryConfigurationDelegate [RepositoryConfigurationDelegate.java:127] Bootstrapping Spring Data JPA repositories in DEFERRED mode.
2020-06-22 21:27:55,267 INFO [main] o.s.d.r.c.RepositoryConfigurationDelegate [RepositoryConfigurationDelegate.java:187] Finished Spring Data repository scanning in 73ms. Found 1 JPA repository interfaces.
2020-06-22 21:27:57,082 INFO [main] o.s.b.w.e.t.TomcatWebServer [TomcatWebServer.java:108] Tomcat initialized with port(s): 9090 (http)
2020-06-22 21:27:57,093 INFO [main] o.a.c.h.Http11NioProtocol [DirectJDKLog.java:173] Initializing ProtocolHandler ["http-nio-9090"]
2020-06-22 21:27:57,094 INFO [main] o.a.c.c.StandardService [DirectJDKLog.java:173] Starting service [Tomcat]
2020-06-22 21:27:57,095 INFO [main] o.a.c.c.StandardEngine [DirectJDKLog.java:173] Starting Servlet engine: [Apache Tomcat/9.0.36]
2020-06-22 21:27:57,280 INFO [main] o.a.c.c.C.[.[.[/] [DirectJDKLog.java:173] Initializing Spring embedded WebApplicationContext
2020-06-22 21:27:57,280 INFO [main] o.s.b.w.s.c.ServletWebServerApplicationContext [ServletWebServerApplicationContext.java:285] Root WebApplicationContext: initialization completed in 3007 ms
2020-06-22 21:27:57,548 INFO [main] o.s.s.c.ThreadPoolTaskExecutor [ExecutorConfigurationSupport.java:181] Initializing ExecutorService 'applicationTaskExecutor'
2020-06-22 21:27:57,615 INFO [task-1] o.h.j.i.u.LogHelper [LogHelper.java:31] HHH000204: Processing PersistenceUnitInfo [name: default]
2020-06-22 21:27:57,658 WARN [main] o.s.b.a.o.j.JpaBaseConfiguration$JpaWebConfiguration [JpaBaseConfiguration.java:220] spring.jpa.open-in-view is enabled by default. Therefore, database queries may be performed during view rendering. Explicitly configure spring.jpa.open-in-view to disable this warning
2020-06-22 21:27:57,710 INFO [task-1] o.h.Version [Version.java:44] HHH000412: Hibernate ORM core version 5.4.17.Final
2020-06-22 21:27:58,015 INFO [task-1] o.h.a.c.Version [JavaReflectionManager.java:49] HCANN000001: Hibernate Commons Annotations {5.1.0.Final}
2020-06-22 21:27:58,017 INFO [main] o.s.b.a.w.s.WelcomePageHandlerMapping [WelcomePageHandlerMapping.java:58] Adding welcome page template: index
2020-06-22 21:27:58,224 INFO [task-1] c.z.h.HikariDataSource [HikariDataSource.java:110] HikariPool-1 - Starting...
2020-06-22 21:27:58,265 INFO [main] o.a.c.h.Http11NioProtocol [DirectJDKLog.java:173] Starting ProtocolHandler ["http-nio-9090"]
2020-06-22 21:27:58,310 INFO [main] o.s.b.w.e.t.TomcatWebServer [TomcatWebServer.java:220] Tomcat started on port(s): 9090 (http) with context path ''
2020-06-22 21:27:58,313 INFO [main] o.s.d.r.c.DeferredRepositoryInitializationListener [DeferredRepositoryInitializationListener.java:49] Triggering deferred initialization of Spring Data repositories…
2020-06-22 21:27:58,734 INFO [task-1] c.z.h.HikariDataSource [HikariDataSource.java:123] HikariPool-1 - Start completed.
2020-06-22 21:27:58,778 INFO [task-1] o.h.d.Dialect [Dialect.java:172] HHH000400: Using dialect: org.hibernate.dialect.MySQL8Dialect
2020-06-22 21:27:59,712 INFO [task-1] o.h.e.t.j.p.i.JtaPlatformInitiator [JtaPlatformInitiator.java:52] HHH000490: Using JtaPlatform implementation: [org.hibernate.engine.transaction.jta.platform.internal.NoJtaPlatform]
2020-06-22 21:27:59,721 INFO [task-1] o.s.o.j.LocalContainerEntityManagerFactoryBean [AbstractEntityManagerFactoryBean.java:416] Initialized JPA EntityManagerFactory for persistence unit 'default'
2020-06-22 21:28:00,021 INFO [main] o.s.d.r.c.DeferredRepositoryInitializationListener [DeferredRepositoryInitializationListener.java:53] Spring Data repositories initialized!
2020-06-22 21:28:00,032 INFO [main] k.a.h.c.ProductSpringBootApplication [StartupInfoLogger.java:61] Started ProductSpringBootApplication in 6.257 seconds (JVM running for 6.998)
2020-06-22 21:28:09,455 INFO [http-nio-9090-exec-3] o.a.c.c.C.[.[.[/] [DirectJDKLog.java:173] Initializing Spring DispatcherServlet 'dispatcherServlet'
2020-06-22 21:28:09,456 INFO [http-nio-9090-exec-3] o.s.w.s.DispatcherServlet [FrameworkServlet.java:525] Initializing Servlet 'dispatcherServlet'
2020-06-22 21:28:09,465 INFO [http-nio-9090-exec-3] o.s.w.s.DispatcherServlet [FrameworkServlet.java:547] Completed initialization in 9 ms
2020-06-22 21:28:33,690 INFO [main] k.a.h.c.ProductSpringBootApplication [StartupInfoLogger.java:55] Starting ProductSpringBootApplication on DESKTOP-326MIB9 with PID 20644 (D:\dev\workspace\productSpringBoot\target\classes started by jun in D:\dev\workspace\productSpringBoot)
2020-06-22 21:28:33,694 INFO [main] k.a.h.c.ProductSpringBootApplication [SpringApplication.java:651] No active profile set, falling back to default profiles: default
2020-06-22 21:28:35,124 INFO [main] o.s.d.r.c.RepositoryConfigurationDelegate [RepositoryConfigurationDelegate.java:127] Bootstrapping Spring Data JPA repositories in DEFERRED mode.
2020-06-22 21:28:35,206 INFO [main] o.s.d.r.c.RepositoryConfigurationDelegate [RepositoryConfigurationDelegate.java:187] Finished Spring Data repository scanning in 67ms. Found 1 JPA repository interfaces.
2020-06-22 21:28:37,059 INFO [main] o.s.b.w.e.t.TomcatWebServer [TomcatWebServer.java:108] Tomcat initialized with port(s): 9090 (http)
2020-06-22 21:28:37,073 INFO [main] o.a.c.h.Http11NioProtocol [DirectJDKLog.java:173] Initializing ProtocolHandler ["http-nio-9090"]
2020-06-22 21:28:37,075 INFO [main] o.a.c.c.StandardService [DirectJDKLog.java:173] Starting service [Tomcat]
2020-06-22 21:28:37,075 INFO [main] o.a.c.c.StandardEngine [DirectJDKLog.java:173] Starting Servlet engine: [Apache Tomcat/9.0.36]
2020-06-22 21:28:37,235 INFO [main] o.a.c.c.C.[.[.[/] [DirectJDKLog.java:173] Initializing Spring embedded WebApplicationContext
2020-06-22 21:28:37,236 INFO [main] o.s.b.w.s.c.ServletWebServerApplicationContext [ServletWebServerApplicationContext.java:285] Root WebApplicationContext: initialization completed in 3487 ms
2020-06-22 21:28:37,636 INFO [main] o.s.s.c.ThreadPoolTaskExecutor [ExecutorConfigurationSupport.java:181] Initializing ExecutorService 'applicationTaskExecutor'
2020-06-22 21:28:37,696 INFO [task-1] o.h.j.i.u.LogHelper [LogHelper.java:31] HHH000204: Processing PersistenceUnitInfo [name: default]
2020-06-22 21:28:37,734 WARN [main] o.s.b.a.o.j.JpaBaseConfiguration$JpaWebConfiguration [JpaBaseConfiguration.java:220] spring.jpa.open-in-view is enabled by default. Therefore, database queries may be performed during view rendering. Explicitly configure spring.jpa.open-in-view to disable this warning
2020-06-22 21:28:37,771 INFO [task-1] o.h.Version [Version.java:44] HHH000412: Hibernate ORM core version 5.4.17.Final
2020-06-22 21:28:38,043 INFO [task-1] o.h.a.c.Version [JavaReflectionManager.java:49] HCANN000001: Hibernate Commons Annotations {5.1.0.Final}
2020-06-22 21:28:38,059 INFO [main] o.s.b.a.w.s.WelcomePageHandlerMapping [WelcomePageHandlerMapping.java:58] Adding welcome page template: index
2020-06-22 21:28:38,228 INFO [task-1] c.z.h.HikariDataSource [HikariDataSource.java:110] HikariPool-1 - Starting...
2020-06-22 21:28:38,784 INFO [task-1] c.z.h.HikariDataSource [HikariDataSource.java:123] HikariPool-1 - Start completed.
2020-06-22 21:28:38,831 INFO [task-1] o.h.d.Dialect [Dialect.java:172] HHH000400: Using dialect: org.hibernate.dialect.MySQL8Dialect
2020-06-22 21:28:39,842 INFO [task-1] o.h.e.t.j.p.i.JtaPlatformInitiator [JtaPlatformInitiator.java:52] HHH000490: Using JtaPlatform implementation: [org.hibernate.engine.transaction.jta.platform.internal.NoJtaPlatform]
2020-06-22 21:28:39,851 INFO [task-1] o.s.o.j.LocalContainerEntityManagerFactoryBean [AbstractEntityManagerFactoryBean.java:416] Initialized JPA EntityManagerFactory for persistence unit 'default'
2020-06-22 21:28:39,920 INFO [main] o.s.b.a.e.w.EndpointLinksResolver [EndpointLinksResolver.java:58] Exposing 14 endpoint(s) beneath base path '/actuator'
2020-06-22 21:28:39,962 INFO [main] o.a.c.h.Http11NioProtocol [DirectJDKLog.java:173] Starting ProtocolHandler ["http-nio-9090"]
2020-06-22 21:28:39,999 INFO [main] o.s.b.w.e.t.TomcatWebServer [TomcatWebServer.java:220] Tomcat started on port(s): 9090 (http) with context path ''
2020-06-22 21:28:40,001 INFO [main] o.s.d.r.c.DeferredRepositoryInitializationListener [DeferredRepositoryInitializationListener.java:49] Triggering deferred initialization of Spring Data repositories…
2020-06-22 21:28:40,392 INFO [main] o.s.d.r.c.DeferredRepositoryInitializationListener [DeferredRepositoryInitializationListener.java:53] Spring Data repositories initialized!
2020-06-22 21:28:40,409 INFO [main] k.a.h.c.ProductSpringBootApplication [StartupInfoLogger.java:61] Started ProductSpringBootApplication in 7.187 seconds (JVM running for 7.885)
2020-06-22 21:28:44,569 INFO [http-nio-9090-exec-1] o.a.c.c.C.[.[.[/] [DirectJDKLog.java:173] Initializing Spring DispatcherServlet 'dispatcherServlet'
2020-06-22 21:28:44,569 INFO [http-nio-9090-exec-1] o.s.w.s.DispatcherServlet [FrameworkServlet.java:525] Initializing Servlet 'dispatcherServlet'
2020-06-22 21:28:44,580 INFO [http-nio-9090-exec-1] o.s.w.s.DispatcherServlet [FrameworkServlet.java:547] Completed initialization in 11 ms
